<?xml version="1.0" encoding="UTF-8"?>
<!-- Generated by org.testng.reporters.JUnitReportReporter -->
<testsuite hostname="DESKTOP-5ONOTE7" failures="0" tests="5" name="OperatorTest" time="1.015" errors="0" timestamp="2021-05-19T00:28:52 AEST" skipped="0">
  <testcase classname="OperatorTest" name="testMultiplyNumbers" time="0.000"/>
  <system-out/>
  <testcase classname="OperatorTest" name="testDivideNumbers" time="0.000"/>
  <system-out/>
  <testcase classname="OperatorTest" name="testAddNumbers" time="0.012"/>
  <system-out/>
  <testcase classname="OperatorTest" name="testAddNumbersPlus" time="1.002"/>
  <system-out/>
  <testcase classname="OperatorTest" name="testSubtractNumbers" time="0.001"/>
  <system-out/>
</testsuite> <!-- OperatorTest -->
